#-----------------------------------------------------------
# Vivado v2017.2 (64-bit)
# SW Build 1909853 on Thu Jun 15 18:39:09 MDT 2017
# IP Build 1909766 on Thu Jun 15 19:58:00 MDT 2017
# Start of session at: Tue Dec  8 14:34:24 2020
# Process ID: 9100
# Current directory: C:/Users/PdlRdV/Desktop/Uni/DSED/Proyecto/DSED/dsed_audio
# Command line: vivado.exe -gui_launcher_event rodinguilauncherevent10348 C:\Users\PdlRdV\Desktop\Uni\DSED\Proyecto\DSED\dsed_audio\dsed_audio.xpr
# Log file: C:/Users/PdlRdV/Desktop/Uni/DSED/Proyecto/DSED/dsed_audio/vivado.log
# Journal file: C:/Users/PdlRdV/Desktop/Uni/DSED/Proyecto/DSED/dsed_audio\vivado.jou
#-----------------------------------------------------------
start_gui
open_project C:/Users/PdlRdV/Desktop/Uni/DSED/Proyecto/DSED/dsed_audio/dsed_audio.xpr
INFO: [Project 1-313] Project file moved from 'C:/Users/PdlRdV/Desktop/Uni/DSED/Proyecto/dsed_audio' since last save.
Scanning sources...
Finished scanning sources
INFO: [IP_Flow 19-234] Refreshing IP repositories
INFO: [IP_Flow 19-1704] No user IP repositories specified
INFO: [IP_Flow 19-2313] Loaded Vivado IP repository 'C:/Xilinx/Vivado/2017.2/data/ip'.
update_compile_order -fileset sources_1
exit
INFO: [Common 17-206] Exiting Vivado at Tue Dec  8 14:34:40 2020...
