Unable to capture context for thread 18984 in process 12768, can not generate back trace
Unable to capture context for thread 10092 in process 12768, can not generate back trace
Exception at PC 0x00007FFD62F9BB93
Printing stacktrace...

[0]  [0x00007FFD62F9BB93]
[1]  [0x00007FFD62F9BB93]
[2]  [0x00007FFD62F9B4A1]
[3]  [0x00007FFD62F9B3EF]
[4]  [0x00007FFD62F819FE]
[5]  [0x00007FFD62F80ED1]
[6]  [0x00007FFD62F80D76]
[7]  [0x00007FFD62F279F6]
[8]  [0x00007FFD62F17AFB]
[9]  [0x00007FFD6303E90A]
[10]  [0x00007FFD63059F87]
[11]  [0x00007FFD6305A05F]
[12] (BaseThreadInitThunk+0x14) [0x00007FFE04B87C24]
[13] (RtlUserThreadStart+0x21) [0x00007FFE05A4D4D1]
Done
Exception at PC 0x00007FFD62CA1A52
Attemped to write at address 0x00007FFDB874ABA4
Printing stacktrace...

[0]  [0x00007FFD62CA1A52]
[1]  [0x00007FFD62CA1A52]
[2]  [0x00007FFD62CA1AD4]
[3]  [0x00007FFD62DE3FF7]
[4]  [0x00007FFD62CC9128]
[5]  [0x00007FFD62F7DFB9]
[6]  [0x00007FFD6314EF23]
[7]  [0x00007FFD6305B06B]
[8]  [0x00007FFD630508AF]
[9]  [0x00007FFD63050A32]
[10] (RtlActivateActivationContextUnsafeFast+0x121) [0x00007FFE05A05021]
[11] (LdrShutdownProcess+0x132) [0x00007FFE05A4B102]
[12] (RtlExitUserProcess+0xad) [0x00007FFE05A4AFAD]
[13] (ExitProcess+0xa) [0x00007FFE04B8CDDA]
[14] (exit+0x85) [0x00007FFE046BA245]
[15] (initterm_e+0x245) [0x00007FFE046BA8B5]
[16]  [0x00000000004014CD]
[17]  [0x000000000040151B]
[18] (BaseThreadInitThunk+0x14) [0x00007FFE04B87C24]
[19] (RtlUserThreadStart+0x21) [0x00007FFE05A4D4D1]
Done
