Unable to capture context for thread 21488 in process 8248, can not generate back trace
Exception at PC 0x00007FFB87F0BB93
Printing stacktrace...

[0]  [0x00007FFB87F0BB93]
[1]  [0x00007FFB87F0BB93]
[2]  [0x00007FFB87F0B4A1]
[3]  [0x00007FFB87F0B3EF]
[4]  [0x00007FFB87EF19FE]
[5]  [0x00007FFB87EF0ED1]
[6]  [0x00007FFB87EF0D76]
[7]  [0x00007FFB87E979F6]
[8]  [0x00007FFB87E87AFB]
[9]  [0x00007FFB87FAE90A]
[10]  [0x00007FFB87FC9F87]
[11]  [0x00007FFB87FCA05F]
[12] (BaseThreadInitThunk+0x14) [0x00007FFC327B7C24]
[13] (RtlUserThreadStart+0x21) [0x00007FFC3308D4D1]
Done
Exception at PC 0x00007FFB87C11A52
Attemped to write at address 0x00007FFBC94BABA4
Printing stacktrace...

[0]  [0x00007FFB87C11A52]
[1]  [0x00007FFB87C11A52]
[2]  [0x00007FFB87C11AD4]
[3]  [0x00007FFB87D53FF7]
[4]  [0x00007FFB87C39128]
[5]  [0x00007FFB87EEDFB9]
[6]  [0x00007FFB880BEF23]
[7]  [0x00007FFB87FCB06B]
[8]  [0x00007FFB87FC08AF]
[9]  [0x00007FFB87FC0A32]
[10] (RtlActivateActivationContextUnsafeFast+0x121) [0x00007FFC33045021]
[11] (LdrShutdownProcess+0x132) [0x00007FFC3308B102]
[12] (RtlExitUserProcess+0xad) [0x00007FFC3308AFAD]
[13] (ExitProcess+0xa) [0x00007FFC327BCDDA]
[14] (exit+0x85) [0x00007FFC317DA245]
[15] (initterm_e+0x245) [0x00007FFC317DA8B5]
[16]  [0x00000000004014CD]
[17]  [0x000000000040151B]
[18] (BaseThreadInitThunk+0x14) [0x00007FFC327B7C24]
[19] (RtlUserThreadStart+0x21) [0x00007FFC3308D4D1]
Done
